<?xml version="1.0" encoding="UTF-8"?>
<testsuite name="htw.berlin.kalorientracker.KalorienTrackerApplicationTests" tests="1" skipped="0" failures="0" errors="0" timestamp="2021-04-25T13:57:57" hostname="DESKTOP-JGCU406" time="0.498">
  <properties/>
  <testcase name="contextLoads()" classname="htw.berlin.kalorientracker.KalorienTrackerApplicationTests" time="0.498"/>
  <system-out><![CDATA[15:57:54.674 [Test worker] DEBUG org.springframework.test.context.BootstrapUtils - Instantiating CacheAwareContextLoaderDelegate from class [org.springframework.test.context.cache.DefaultCacheAwareContextLoaderDelegate]
15:57:54.690 [Test worker] DEBUG org.springframework.test.context.BootstrapUtils - Instantiating BootstrapContext using constructor [public org.springframework.test.context.support.DefaultBootstrapContext(java.lang.Class,org.springframework.test.context.CacheAwareContextLoaderDelegate)]
15:57:54.737 [Test worker] DEBUG org.springframework.test.context.BootstrapUtils - Instantiating TestContextBootstrapper for test class [htw.berlin.kalorientracker.KalorienTrackerApplicationTests] from class [org.springframework.boot.test.context.SpringBootTestContextBootstrapper]
15:57:54.753 [Test worker] INFO org.springframework.boot.test.context.SpringBootTestContextBootstrapper - Neither @ContextConfiguration nor @ContextHierarchy found for test class [htw.berlin.kalorientracker.KalorienTrackerApplicationTests], using SpringBootContextLoader
15:57:54.753 [Test worker] DEBUG org.springframework.test.context.support.AbstractContextLoader - Did not detect default resource location for test class [htw.berlin.kalorientracker.KalorienTrackerApplicationTests]: class path resource [htw/berlin/kalorientracker/KalorienTrackerApplicationTests-context.xml] does not exist
15:57:54.753 [Test worker] DEBUG org.springframework.test.context.support.AbstractContextLoader - Did not detect default resource location for test class [htw.berlin.kalorientracker.KalorienTrackerApplicationTests]: class path resource [htw/berlin/kalorientracker/KalorienTrackerApplicationTestsContext.groovy] does not exist
15:57:54.753 [Test worker] INFO org.springframework.test.context.support.AbstractContextLoader - Could not detect default resource locations for test class [htw.berlin.kalorientracker.KalorienTrackerApplicationTests]: no resource found for suffixes {-context.xml, Context.groovy}.
15:57:54.753 [Test worker] INFO org.springframework.test.context.support.AnnotationConfigContextLoaderUtils - Could not detect default configuration classes for test class [htw.berlin.kalorientracker.KalorienTrackerApplicationTests]: KalorienTrackerApplicationTests does not declare any static, non-private, non-final, nested classes annotated with @Configuration.
15:57:54.815 [Test worker] DEBUG org.springframework.test.context.support.ActiveProfilesUtils - Could not find an 'annotation declaring class' for annotation type [org.springframework.test.context.ActiveProfiles] and class [htw.berlin.kalorientracker.KalorienTrackerApplicationTests]
15:57:54.878 [Test worker] DEBUG org.springframework.context.annotation.ClassPathScanningCandidateComponentProvider - Identified candidate component class: file [C:\Users\lucim\Desktop\kalorien-tracker\build\classes\java\main\htw\berlin\kalorientracker\KalorienTrackerApplication.class]
15:57:54.893 [Test worker] INFO org.springframework.boot.test.context.SpringBootTestContextBootstrapper - Found @SpringBootConfiguration htw.berlin.kalorientracker.KalorienTrackerApplication for test class htw.berlin.kalorientracker.KalorienTrackerApplicationTests
15:57:55.049 [Test worker] DEBUG org.springframework.boot.test.context.SpringBootTestContextBootstrapper - @TestExecutionListeners is not present for class [htw.berlin.kalorientracker.KalorienTrackerApplicationTests]: using defaults.
15:57:55.049 [Test worker] INFO org.springframework.boot.test.context.SpringBootTestContextBootstrapper - Loaded default TestExecutionListener class names from location [META-INF/spring.factories]: [org.springframework.boot.test.autoconfigure.restdocs.RestDocsTestExecutionListener, org.springframework.boot.test.autoconfigure.web.client.MockRestServiceServerResetTestExecutionListener, org.springframework.boot.test.autoconfigure.web.servlet.MockMvcPrintOnlyOnFailureTestExecutionListener, org.springframework.boot.test.autoconfigure.web.servlet.WebDriverTestExecutionListener, org.springframework.boot.test.autoconfigure.webservices.client.MockWebServiceServerTestExecutionListener, org.springframework.boot.test.mock.mockito.MockitoTestExecutionListener, org.springframework.boot.test.mock.mockito.ResetMocksTestExecutionListener, org.springframework.test.context.web.ServletTestExecutionListener, org.springframework.test.context.support.DirtiesContextBeforeModesTestExecutionListener, org.springframework.test.context.event.ApplicationEventsTestExecutionListener, org.springframework.test.context.support.DependencyInjectionTestExecutionListener, org.springframework.test.context.support.DirtiesContextTestExecutionListener, org.springframework.test.context.transaction.TransactionalTestExecutionListener, org.springframework.test.context.jdbc.SqlScriptsTestExecutionListener, org.springframework.test.context.event.EventPublishingTestExecutionListener]
15:57:55.065 [Test worker] DEBUG org.springframework.boot.test.context.SpringBootTestContextBootstrapper - Skipping candidate TestExecutionListener [org.springframework.test.context.transaction.TransactionalTestExecutionListener] due to a missing dependency. Specify custom listener classes or make the default listener classes and their required dependencies available. Offending class: [org/springframework/transaction/interceptor/TransactionAttributeSource]
15:57:55.065 [Test worker] DEBUG org.springframework.boot.test.context.SpringBootTestContextBootstrapper - Skipping candidate TestExecutionListener [org.springframework.test.context.jdbc.SqlScriptsTestExecutionListener] due to a missing dependency. Specify custom listener classes or make the default listener classes and their required dependencies available. Offending class: [org/springframework/transaction/interceptor/TransactionAttribute]
15:57:55.065 [Test worker] INFO org.springframework.boot.test.context.SpringBootTestContextBootstrapper - Using TestExecutionListeners: [org.springframework.test.context.web.ServletTestExecutionListener@4e50f7a, org.springframework.test.context.support.DirtiesContextBeforeModesTestExecutionListener@69af86b8, org.springframework.test.context.event.ApplicationEventsTestExecutionListener@3ecd20b3, org.springframework.boot.test.mock.mockito.MockitoTestExecutionListener@245ac427, org.springframework.boot.test.autoconfigure.SpringBootDependencyInjectionTestExecutionListener@8689109, org.springframework.test.context.support.DirtiesContextTestExecutionListener@1de74cfa, org.springframework.test.context.event.EventPublishingTestExecutionListener@4a783f4d, org.springframework.boot.test.autoconfigure.restdocs.RestDocsTestExecutionListener@3871b1d9, org.springframework.boot.test.autoconfigure.web.client.MockRestServiceServerResetTestExecutionListener@74dd8f07, org.springframework.boot.test.autoconfigure.web.servlet.MockMvcPrintOnlyOnFailureTestExecutionListener@537a9dfa, org.springframework.boot.test.autoconfigure.web.servlet.WebDriverTestExecutionListener@5873428f, org.springframework.boot.test.autoconfigure.webservices.client.MockWebServiceServerTestExecutionListener@6d39df21, org.springframework.boot.test.mock.mockito.ResetMocksTestExecutionListener@7504c036]
15:57:55.065 [Test worker] DEBUG org.springframework.test.context.support.AbstractDirtiesContextTestExecutionListener - Before test class: context [DefaultTestContext@5ab95a92 testClass = KalorienTrackerApplicationTests, testInstance = [null], testMethod = [null], testException = [null], mergedContextConfiguration = [WebMergedContextConfiguration@13bc2c11 testClass = KalorienTrackerApplicationTests, locations = '{}', classes = '{class htw.berlin.kalorientracker.KalorienTrackerApplication}', contextInitializerClasses = '[]', activeProfiles = '{}', propertySourceLocations = '{}', propertySourceProperties = '{org.springframework.boot.test.context.SpringBootTestContextBootstrapper=true}', contextCustomizers = set[org.springframework.boot.test.autoconfigure.actuate.metrics.MetricsExportContextCustomizerFactory$DisableMetricExportContextCustomizer@46cdc6e4, org.springframework.boot.test.autoconfigure.properties.PropertyMappingContextCustomizer@0, org.springframework.boot.test.autoconfigure.web.servlet.WebDriverContextCustomizerFactory$Customizer@62e2a663, org.springframework.boot.test.context.filter.ExcludeFilterContextCustomizer@1da9a76, org.springframework.boot.test.json.DuplicateJsonObjectContextCustomizerFactory$DuplicateJsonObjectContextCustomizer@4dd2067a, org.springframework.boot.test.mock.mockito.MockitoContextCustomizer@0, org.springframework.boot.test.web.client.TestRestTemplateContextCustomizer@21e8d492, org.springframework.boot.test.context.SpringBootTestArgs@1, org.springframework.boot.test.context.SpringBootTestWebEnvironment@23ab2ac1], resourceBasePath = 'src/main/webapp', contextLoader = 'org.springframework.boot.test.context.SpringBootContextLoader', parent = [null]], attributes = map['org.springframework.test.context.web.ServletTestExecutionListener.activateListener' -> true]], class annotated with @DirtiesContext [false] with mode [null].
15:57:55.112 [Test worker] DEBUG org.springframework.test.context.support.TestPropertySourceUtils - Adding inlined properties to environment: {spring.jmx.enabled=false, org.springframework.boot.test.context.SpringBootTestContextBootstrapper=true}

  .   ____          _            __ _ _
 /\\ / ___'_ __ _ _(_)_ __  __ _ \ \ \ \
( ( )\___ | '_ | '_| | '_ \/ _` | \ \ \ \
 \\/  ___)| |_)| | | | | || (_| |  ) ) ) )
  '  |____| .__|_| |_|_| |_\__, | / / / /
 =========|_|==============|___/=/_/_/_/
 :: Spring Boot ::                (v2.4.5)

2021-04-25 15:57:55.447  INFO 1120 --- [    Test worker] h.b.k.KalorienTrackerApplicationTests    : Starting KalorienTrackerApplicationTests using Java 16.0.1 on DESKTOP-JGCU406 with PID 1120 (started by Lucas in C:\Users\lucim\Desktop\kalorien-tracker)
2021-04-25 15:57:55.462  INFO 1120 --- [    Test worker] h.b.k.KalorienTrackerApplicationTests    : No active profile set, falling back to default profiles: default
2021-04-25 15:57:57.160  INFO 1120 --- [    Test worker] o.s.s.concurrent.ThreadPoolTaskExecutor  : Initializing ExecutorService 'applicationTaskExecutor'
2021-04-25 15:57:57.659  INFO 1120 --- [    Test worker] h.b.k.KalorienTrackerApplicationTests    : Started KalorienTrackerApplicationTests in 2.525 seconds (JVM running for 4.072)
]]></system-out>
  <system-err><![CDATA[]]></system-err>
</testsuite>
